<?xml version="1.0" encoding="utf-8" standalone="no"?>
<!--This file represents the results of running a test suite-->
<test-results name="C:\Documents and Settings\Administrator\My Documents\Visual Studio 2008\Projects\Stuff\MvcApplicationPreview4Tests\MvcApplicationTests.nunit" total="2" failures="0" not-run="0" date="2009-01-16" time="19:01:46">
  <environment nunit-version="2.4.7.0" clr-version="2.0.50727.3053" os-version="Microsoft Windows NT 5.2.3790 Service Pack 2" platform="Win32NT" cwd="C:\Documents and Settings\Administrator\My Documents\Visual Studio 2008\Projects\Stuff\MvcApplicationPreview4Tests\bin\Debug" machine-name="GBARRS-DWSGQBXI" user="Administrator" user-domain="GBARRS-DWSGQBXI" />
  <culture-info current-culture="en-US" current-uiculture="en-US" />
  <test-suite name="C:\Documents and Settings\Administrator\My Documents\Visual Studio 2008\Projects\Stuff\MvcApplicationPreview4Tests\MvcApplicationTests.nunit" success="True" time="0.125" asserts="0">
    <results>
      <test-suite name="C:\Documents and Settings\Administrator\My Documents\Visual Studio 2008\Projects\Stuff\MvcApplicationPreview4Tests\bin\Debug\MvcApplicationPreview4Tests.dll" success="True" time="0.125" asserts="0">
        <results>
          <test-suite name="MvcApplicationPreview4Tests" success="True" time="0.125" asserts="0">
            <results>
              <test-suite name="HomeControllerTests" success="True" time="0.109" asserts="0">
                <results>
                  <test-suite name="Home_FirstVisit_ViewDataContainsDefaultColour" success="True" time="0.109" asserts="0">
                    <categories>
                      <category name="Unit" />
                    </categories>
                    <results>
                      <test-case name="MvcApplicationPreview4Tests.HomeControllerTests.Home_FirstVisit_ViewDataContainsDefaultColour(About, Blue)" executed="True" success="True" time="0.094" asserts="3" />
                      <test-case name="MvcApplicationPreview4Tests.HomeControllerTests.Home_FirstVisit_ViewDataContainsDefaultColour(Index, Red)" executed="True" success="True" time="0.000" asserts="3" />
                    </results>
                  </test-suite>
                </results>
              </test-suite>
            </results>
          </test-suite>
        </results>
      </test-suite>
    </results>
  </test-suite>
</test-results>